0 info it worked if it ends with ok
1 verbose cli [ '/Users/diedromeliga/.nvm/v0.10.24/bin/node',
1 verbose cli   '/Users/diedromeliga/.nvm/v0.10.24/bin/npm',
1 verbose cli   'run',
1 verbose cli   'test' ]
2 info using npm@1.3.21
3 info using node@v0.10.24
4 verbose run-script [ 'pretest', 'test', 'posttest' ]
5 info pretest NodeScraping@0.0.0
6 info test NodeScraping@0.0.0
7 verbose unsafe-perm in lifecycle true
8 info NodeScraping@0.0.0 Failed to exec test script
9 error NodeScraping@0.0.0 test: `echo "Error: no test specified" && exit 1`
9 error Exit status 1
10 error Failed at the NodeScraping@0.0.0 test script.
10 error This is most likely a problem with the NodeScraping package,
10 error not with npm itself.
10 error Tell the author that this fails on your system:
10 error     echo "Error: no test specified" && exit 1
10 error You can get their info via:
10 error     npm owner ls NodeScraping
10 error There is likely additional logging output above.
11 error System Darwin 15.6.0
12 error command "/Users/diedromeliga/.nvm/v0.10.24/bin/node" "/Users/diedromeliga/.nvm/v0.10.24/bin/npm" "run" "test"
13 error cwd /Users/diedromeliga/projetos/NodeScraping
14 error node -v v0.10.24
15 error npm -v 1.3.21
16 error code ELIFECYCLE
17 verbose exit [ 1, true ]
